<?xml version="1.0" encoding="UTF-8"?>
<!-- Generated by org.testng.reporters.JUnitXMLReporter -->
<testsuite ignored="0" hostname="AmitD" failures="1" tests="1" name="Login Test" time="0.068" errors="0" timestamp="2022-10-05T21:52:05 IST">
  <testcase classname="ComplianceCenteral.Planner.LoginTest" name="PlannerTest" time="0.0">
    <failure type="java.lang.RuntimeException" message="java.lang.Error: Unresolved compilation problem: 
	The method getJasonDataToMap(String) is undefined for the type LoginTest
">
      <![CDATA[java.lang.RuntimeException: java.lang.Error: Unresolved compilation problem: 
The method getJasonDataToMap(String) is undefined for the type LoginTest

at java.base/java.util.ArrayList.forEach(ArrayList.java:1511)
Caused by: java.lang.Error: Unresolved compilation problem: 
The method getJasonDataToMap(String) is undefined for the type LoginTest

at ComplianceCenteral.Planner.LoginTest.getData(LoginTest.java:164)
... 29 more
... Removed 34 stack frames]]>
    </failure>
  </testcase> <!-- PlannerTest -->
</testsuite> <!-- Login Test -->
